TN:
SF:src\backend\db_check.js
FN:20,(anonymous_0)
FN:28,(anonymous_1)
FN:35,(anonymous_2)
FN:44,(anonymous_3)
FN:45,(anonymous_4)
FN:51,(anonymous_5)
FN:65,checkTable
FNF:7
FNH:0
FNDA:0,(anonymous_0)
FNDA:0,(anonymous_1)
FNDA:0,(anonymous_2)
FNDA:0,(anonymous_3)
FNDA:0,(anonymous_4)
FNDA:0,(anonymous_5)
FNDA:0,checkTable
DA:1,0
DA:2,0
DA:5,0
DA:7,0
DA:8,0
DA:9,0
DA:10,0
DA:12,0
DA:15,0
DA:16,0
DA:20,0
DA:21,0
DA:22,0
DA:23,0
DA:25,0
DA:28,0
DA:29,0
DA:30,0
DA:31,0
DA:32,0
DA:35,0
DA:36,0
DA:39,0
DA:40,0
DA:41,0
DA:44,0
DA:45,0
DA:46,0
DA:47,0
DA:48,0
DA:50,0
DA:51,0
DA:52,0
DA:56,0
DA:57,0
DA:66,0
DA:67,0
DA:69,0
LF:38
LH:0
BRDA:8,0,0,0
BRDA:8,0,1,0
BRDA:21,1,0,0
BRDA:21,1,1,0
BRDA:29,2,0,0
BRDA:29,2,1,0
BRDA:46,3,0,0
BRDA:46,3,1,0
BRDA:56,4,0,0
BRDA:56,4,1,0
BRDA:66,5,0,0
BRDA:66,5,1,0
BRF:12
BRH:0
end_of_record
TN:
SF:src\backend\utils\errorHandler.js
FN:33,logError
FN:75,(anonymous_1)
FN:88,logSQLError
FN:104,logValidationError
FN:115,logRouteError
FN:131,logAccess
FN:135,(anonymous_6)
FN:143,errorMiddleware
FNF:8
FNH:8
FNDA:12,logError
FNDA:5,(anonymous_1)
FNDA:1,logSQLError
FNDA:1,logValidationError
FNDA:4,logRouteError
FNDA:27,logAccess
FNDA:24,(anonymous_6)
FNDA:2,errorMiddleware
DA:1,4
DA:2,4
DA:5,4
DA:6,4
DA:7,4
DA:8,4
DA:9,4
DA:12,4
DA:13,0
DA:17,4
DA:34,12
DA:35,12
DA:46,12
DA:48,2
DA:49,2
DA:51,2
DA:52,2
DA:54,8
DA:58,12
DA:61,12
DA:69,12
DA:75,12
DA:76,5
DA:79,12
DA:89,1
DA:105,1
DA:116,4
DA:132,27
DA:133,27
DA:135,27
DA:136,24
DA:144,2
DA:145,2
DA:148,2
DA:149,1
DA:150,1
DA:151,1
DA:152,1
DA:153,1
DA:156,2
DA:164,2
DA:173,4
LF:42
LH:41
BRDA:12,0,0,0
BRDA:12,0,1,4
BRDA:33,1,0,1
BRDA:33,2,0,4
BRDA:39,3,0,12
BRDA:39,3,1,6
BRDA:46,4,0,2
BRDA:46,4,1,2
BRDA:46,4,2,8
BRDA:70,5,0,12
BRDA:70,5,1,0
BRDA:76,6,0,0
BRDA:76,6,1,5
BRDA:88,7,0,0
BRDA:104,8,0,0
BRDA:136,9,0,0
BRDA:136,9,1,24
BRDA:148,10,0,1
BRDA:148,10,1,1
BRDA:151,11,0,1
BRDA:151,11,1,0
BRDA:166,12,0,0
BRDA:166,12,1,2
BRF:23
BRH:15
end_of_record
TN:
SF:src\frontend\app.js
FN:27,logErrorToServer
FN:102,retryPendingLogs
FN:127,(anonymous_2)
FN:144,(anonymous_3)
FN:167,init
FN:184,setupEventListeners
FN:187,(anonymous_6)
FN:188,(anonymous_7)
FN:196,(anonymous_8)
FN:204,(anonymous_9)
FN:218,(anonymous_10)
FN:226,(anonymous_11)
FN:235,(anonymous_12)
FN:241,(anonymous_13)
FN:248,(anonymous_14)
FN:256,exportToCSV
FN:273,(anonymous_16)
FN:279,changeTab
FN:281,(anonymous_18)
FN:290,(anonymous_19)
FN:300,fetchEspecialidades
FN:314,renderEspecialidades
FN:319,(anonymous_22)
FN:327,fetchPlanes
FN:340,renderPlanes
FN:345,(anonymous_25)
FN:353,fetchData
FN:368,loadData
FN:398,renderData
FN:420,(anonymous_29)
FN:428,(anonymous_30)
FN:433,(anonymous_31)
FN:441,(anonymous_32)
FN:459,(anonymous_33)
FN:479,performSearch
FN:484,showLoading
FN:489,showError
FNF:37
FNH:3
FNDA:2,logErrorToServer
FNDA:3,retryPendingLogs
FNDA:3,(anonymous_2)
FNDA:0,(anonymous_3)
FNDA:0,init
FNDA:0,setupEventListeners
FNDA:0,(anonymous_6)
FNDA:0,(anonymous_7)
FNDA:0,(anonymous_8)
FNDA:0,(anonymous_9)
FNDA:0,(anonymous_10)
FNDA:0,(anonymous_11)
FNDA:0,(anonymous_12)
FNDA:0,(anonymous_13)
FNDA:0,(anonymous_14)
FNDA:0,exportToCSV
FNDA:0,(anonymous_16)
FNDA:0,changeTab
FNDA:0,(anonymous_18)
FNDA:0,(anonymous_19)
FNDA:0,fetchEspecialidades
FNDA:0,renderEspecialidades
FNDA:0,(anonymous_22)
FNDA:0,fetchPlanes
FNDA:0,renderPlanes
FNDA:0,(anonymous_25)
FNDA:0,fetchData
FNDA:0,loadData
FNDA:0,renderData
FNDA:0,(anonymous_29)
FNDA:0,(anonymous_30)
FNDA:0,(anonymous_31)
FNDA:0,(anonymous_32)
FNDA:0,(anonymous_33)
FNDA:0,performSearch
FNDA:0,showLoading
FNDA:0,showError
DA:2,3
DA:3,3
DA:4,3
DA:5,3
DA:6,3
DA:7,3
DA:8,3
DA:9,3
DA:10,3
DA:28,2
DA:30,2
DA:41,2
DA:52,2
DA:66,2
DA:74,1
DA:75,0
DA:76,0
DA:77,0
DA:79,0
DA:82,1
DA:84,1
DA:85,1
DA:86,1
DA:92,1
DA:93,1
DA:94,1
DA:96,0
DA:103,3
DA:104,3
DA:106,3
DA:108,3
DA:109,3
DA:110,3
DA:118,3
DA:119,3
DA:122,0
DA:127,3
DA:128,3
DA:132,3
DA:133,3
DA:134,3
DA:138,3
DA:139,3
DA:143,3
DA:144,3
DA:146,0
DA:147,0
DA:148,0
DA:149,0
DA:150,0
DA:151,0
DA:152,0
DA:153,0
DA:154,0
DA:155,0
DA:156,0
DA:157,0
DA:160,0
DA:163,0
DA:169,0
DA:171,0
DA:173,0
DA:177,0
DA:179,0
DA:180,0
DA:186,0
DA:187,0
DA:188,0
DA:189,0
DA:190,0
DA:195,0
DA:196,0
DA:197,0
DA:201,0
DA:202,0
DA:203,0
DA:204,0
DA:205,0
DA:206,0
DA:207,0
DA:208,0
DA:209,0
DA:214,0
DA:215,0
DA:217,0
DA:218,0
DA:219,0
DA:222,0
DA:225,0
DA:226,0
DA:227,0
DA:230,0
DA:234,0
DA:235,0
DA:236,0
DA:237,0
DA:240,0
DA:241,0
DA:242,0
DA:243,0
DA:244,0
DA:247,0
DA:248,0
DA:249,0
DA:250,0
DA:251,0
DA:257,0
DA:258,0
DA:261,0
DA:264,0
DA:265,0
DA:266,0
DA:270,0
DA:273,0
DA:274,0
DA:281,0
DA:282,0
DA:283,0
DA:284,0
DA:289,0
DA:290,0
DA:291,0
DA:292,0
DA:293,0
DA:297,0
DA:301,0
DA:302,0
DA:303,0
DA:305,0
DA:306,0
DA:307,0
DA:309,0
DA:310,0
DA:316,0
DA:319,0
DA:320,0
DA:321,0
DA:322,0
DA:323,0
DA:328,0
DA:329,0
DA:330,0
DA:332,0
DA:333,0
DA:335,0
DA:336,0
DA:342,0
DA:345,0
DA:346,0
DA:347,0
DA:348,0
DA:349,0
DA:354,0
DA:355,0
DA:356,0
DA:358,0
DA:359,0
DA:361,0
DA:363,0
DA:364,0
DA:369,0
DA:370,0
DA:372,0
DA:373,0
DA:380,0
DA:385,0
DA:386,0
DA:388,0
DA:389,0
DA:391,0
DA:392,0
DA:394,0
DA:399,0
DA:400,0
DA:401,0
DA:402,0
DA:403,0
DA:406,0
DA:409,0
DA:410,0
DA:411,0
DA:412,0
DA:416,0
DA:419,0
DA:420,0
DA:421,0
DA:422,0
DA:427,0
DA:428,0
DA:432,0
DA:433,0
DA:434,0
DA:435,0
DA:440,0
DA:441,0
DA:442,0
DA:443,0
DA:448,0
DA:451,0
DA:452,0
DA:453,0
DA:455,0
DA:459,0
DA:460,0
DA:461,0
DA:462,0
DA:464,0
DA:475,0
DA:480,0
DA:481,0
DA:485,0
DA:486,0
DA:490,0
DA:491,0
DA:492,0
LF:215
LH:39
BRDA:27,0,0,1
BRDA:43,1,0,2
BRDA:43,1,1,2
BRDA:44,2,0,2
BRDA:44,2,1,2
BRDA:55,3,0,2
BRDA:55,3,1,0
BRDA:60,4,0,2
BRDA:60,4,1,0
BRDA:62,5,0,2
BRDA:62,5,1,2
BRDA:63,6,0,2
BRDA:63,6,1,2
BRDA:74,7,0,0
BRDA:74,7,1,1
BRDA:75,8,0,0
BRDA:75,8,1,0
BRDA:89,9,0,1
BRDA:89,9,1,0
BRDA:92,10,0,1
BRDA:92,10,1,1
BRDA:103,11,0,3
BRDA:103,11,1,0
BRDA:104,12,0,0
BRDA:104,12,1,3
BRDA:118,13,0,3
BRDA:118,13,1,0
BRDA:132,14,0,3
BRDA:132,14,1,0
BRDA:138,15,0,3
BRDA:138,15,1,0
BRDA:143,16,0,3
BRDA:143,16,1,0
BRDA:205,17,0,0
BRDA:205,17,1,0
BRDA:207,18,0,0
BRDA:207,18,1,0
BRDA:217,19,0,0
BRDA:217,19,1,0
BRDA:225,20,0,0
BRDA:225,20,1,0
BRDA:265,21,0,0
BRDA:265,21,1,0
BRDA:283,22,0,0
BRDA:283,22,1,0
BRDA:292,23,0,0
BRDA:292,23,1,0
BRDA:303,24,0,0
BRDA:303,24,1,0
BRDA:330,25,0,0
BRDA:330,25,1,0
BRDA:353,26,0,0
BRDA:356,27,0,0
BRDA:356,27,1,0
BRDA:359,28,0,0
BRDA:359,28,1,0
BRDA:399,29,0,0
BRDA:399,29,1,0
BRDA:409,30,0,0
BRDA:409,30,1,0
BRDA:409,31,0,0
BRDA:409,31,1,0
BRDA:419,32,0,0
BRDA:419,32,1,0
BRDA:421,33,0,0
BRDA:421,33,1,0
BRDA:421,34,0,0
BRDA:421,34,1,0
BRDA:421,35,0,0
BRDA:421,35,1,0
BRDA:427,36,0,0
BRDA:427,36,1,0
BRDA:432,37,0,0
BRDA:432,37,1,0
BRDA:434,38,0,0
BRDA:434,38,1,0
BRDA:440,39,0,0
BRDA:440,39,1,0
BRDA:442,40,0,0
BRDA:442,40,1,0
BRDA:451,41,0,0
BRDA:451,41,1,0
BRDA:461,42,0,0
BRDA:461,42,1,0
BRDA:462,43,0,0
BRDA:462,43,1,0
BRDA:465,44,0,0
BRDA:465,44,1,0
BRDA:466,45,0,0
BRDA:466,45,1,0
BRDA:467,46,0,0
BRDA:467,46,1,0
BRDA:468,47,0,0
BRDA:468,47,1,0
BRDA:469,48,0,0
BRDA:469,48,1,0
BRDA:470,49,0,0
BRDA:470,49,1,0
BRDA:471,50,0,0
BRDA:471,50,1,0
BRDA:485,51,0,0
BRDA:485,51,1,0
BRDA:486,52,0,0
BRDA:486,52,1,0
BRF:104
BRH:21
end_of_record
